0 info it worked if it ends with ok
1 verbose cli [ 'node', '/usr/local/bin/npm', 'repo', 'demo-learning' ]
2 info using npm@2.5.1
3 info using node@v0.10.25
4 verbose node symlink /usr/bin/node
5 silly mapToRegistry name demo-learning
6 silly mapToRegistry using default registry
7 silly mapToRegistry registry https://registry.npmjs.org/
8 silly mapToRegistry uri https://registry.npmjs.org/demo-learning
9 verbose request uri https://registry.npmjs.org/demo-learning/latest
10 verbose request no auth needed
11 info attempt registry request try #1 at 02:55:26
12 verbose request id 7339edaf825ebc64
13 http request GET https://registry.npmjs.org/demo-learning/latest
14 http 200 https://registry.npmjs.org/demo-learning/latest
15 silly get cb [ 200,
15 silly get   { server: 'CouchDB/1.6.1 (Erlang OTP/R16B03)',
15 silly get     etag: '"BSK0LTXPO7PF8XLMA02Y2QG51"',
15 silly get     'content-type': 'application/json',
15 silly get     'content-encoding': 'gzip',
15 silly get     'cache-control': 'max-age=300',
15 silly get     'content-length': '560',
15 silly get     'accept-ranges': 'bytes',
15 silly get     date: 'Wed, 28 Jun 2017 06:55:27 GMT',
15 silly get     via: '1.1 varnish',
15 silly get     age: '0',
15 silly get     connection: 'keep-alive',
15 silly get     'x-served-by': 'cache-sjc3128-SJC',
15 silly get     'x-cache': 'MISS',
15 silly get     'x-cache-hits': '0',
15 silly get     'x-timer': 'S1498632927.921210,VS0,VE138',
15 silly get     vary: 'Accept-Encoding' } ]
16 verbose get saving demo-learning to /home/cabox/.npm/registry.npmjs.org/demo-learning/latest/.cache.json
17 verbose stack Error: spawn ENOENT
17 verbose stack     at errnoException (child_process.js:988:11)
17 verbose stack     at Process.ChildProcess._handle.onexit (child_process.js:779:34)
18 verbose cwd /home/cabox/workspace/demo-learning
19 error Linux 2.6.32-042stab112.15
20 error argv "node" "/usr/local/bin/npm" "repo" "demo-learning"
21 error node v0.10.25
22 error npm  v2.5.1
23 error code ENOENT
24 error errno ENOENT
25 error syscall spawn
26 error enoent spawn ENOENT
26 error enoent This is most likely not a problem with npm itself
26 error enoent and is related to npm not being able to find a file.
27 verbose exit [ 1, true ]
